Using pre-set license
Built from '2020.3/release' branch; Version is '2020.3.2f1 (8fd9074bf66c) revision 9427207'; Using compiler version '192528614'; Build Type 'Release'
OS: 'Windows 10 Pro; OS build 19044.1706; Version 2009; 64bit' Language: 'en' Physical Memory: 16273 MB
BatchMode: 1, IsHumanControllingUs: 0, StartBugReporterOnCrash: 0, Is64bit: 1, IsPro: 0

 COMMAND LINE ARGUMENTS:
C:\Program Files\Unity\Hub\Editor\2020.3.2f1\Editor\Unity.exe
-adb2
-batchMode
-noUpm
-name
AssetImportWorker0
-projectPath
D:/F1GitUpdated/F1-2051FromMamoon/F1-2051
-logFile
Logs/AssetImportWorker0.log
-srvPort
63045
Successfully changed project path to: D:/F1GitUpdated/F1-2051FromMamoon/F1-2051
D:/F1GitUpdated/F1-2051FromMamoon/F1-2051
Using Asset Import Pipeline V2.
Refreshing native plugins compatible for Editor in 93.13 ms, found 3 plugins.
Preloading 0 native plugins for Editor in 0.00 ms.
Initialize engine version: 2020.3.2f1 (8fd9074bf66c)
[Subsystems] Discovering subsystems at path C:/Program Files/Unity/Hub/Editor/2020.3.2f1/Editor/Data/Resources/UnitySubsystems
[Subsystems] Discovering subsystems at path D:/F1GitUpdated/F1-2051FromMamoon/F1-2051/Assets
GfxDevice: creating device client; threaded=0
Direct3D:
    Version:  Direct3D 11.0 [level 11.1]
    Renderer: Intel(R) HD Graphics 4600 (ID=0x412)
    Vendor:   
    VRAM:     2048 MB
    Driver:   20.19.15.4326
Initialize mono
Mono path[0] = 'C:/Program Files/Unity/Hub/Editor/2020.3.2f1/Editor/Data/Managed'
Mono path[1] = 'C:/Program Files/Unity/Hub/Editor/2020.3.2f1/Editor/Data/MonoBleedingEdge/lib/mono/unityjit'
Mono config path = 'C:/Program Files/Unity/Hub/Editor/2020.3.2f1/Editor/Data/MonoBleedingEdge/etc'
Using monoOptions --debugger-agent=transport=dt_socket,embedding=1,server=y,suspend=n,address=127.0.0.1:56744
Begin MonoManager ReloadAssembly
Registering precompiled unity dll's ...
Register platform support module: C:/Program Files/Unity/Hub/Editor/2020.3.2f1/Editor/Data/PlaybackEngines/WindowsStandaloneSupport/UnityEditor.WindowsStandalone.Extensions.dll
Registered in 0.001988 seconds.
Native extension for WindowsStandalone target not found
Refreshing native plugins compatible for Editor in 87.53 ms, found 3 plugins.
Preloading 0 native plugins for Editor in 0.00 ms.
Invoked RoslynAnalysisRunner static constructor.
RoslynAnalysisRunner will not be running.
RoslynAnalysisRunner has terminated.
Mono: successfully reloaded assembly
- Completed reload, in  2.867 seconds
Platform modules already initialized, skipping
Registering precompiled user dll's ...
Registered in 0.004941 seconds.
Begin MonoManager ReloadAssembly
Native extension for WindowsStandalone target not found
Refreshing native plugins compatible for Editor in 88.27 ms, found 3 plugins.
Preloading 0 native plugins for Editor in 0.00 ms.
Invoked RoslynAnalysisRunner static constructor.
RoslynAnalysisRunner will not be running.
RoslynAnalysisRunner has terminated.
Mono: successfully reloaded assembly
- Completed reload, in  1.073 seconds
Platform modules already initialized, skipping
========================================================================
Worker process is ready to serve import requests
Launched and connected shader compiler UnityShaderCompiler.exe after 0.05 seconds
Refreshing native plugins compatible for Editor in 1.06 ms, found 3 plugins.
Preloading 0 native plugins for Editor in 0.00 ms.
Unloading 1930 Unused Serialized files (Serialized files now loaded: 0)
System memory in use before: 215.5 MB.
System memory in use after: 215.7 MB.

Unloading 32 unused Assets to reduce memory usage. Loaded Objects now: 2430.
Total: 2.865600 ms (FindLiveObjects: 0.372800 ms CreateObjectMapping: 0.269900 ms MarkObjects: 2.181200 ms  DeleteObjects: 0.040200 ms)

========================================================================
Received Import Request.
  path: Assets/00_Art/UI_By_Jameela/F1_UI/Battle_pass/battlepas_dialogue_box
  artifactKey: Guid(3ca0076b61ecfd8459db98974d7db843) Importer(815301076,1909f56bfc062723c751e8b465ee728b)
Start importing Assets/00_Art/UI_By_Jameela/F1_UI/Battle_pass/battlepas_dialogue_box using Guid(3ca0076b61ecfd8459db98974d7db843) Importer(815301076,1909f56bfc062723c751e8b465ee728b)  -> (artifact id: '07a4cea5c08ee6d9a1730b5cbf8c8442') in 0.021568 seconds
  Import took 0.025871 seconds .

========================================================================
Received Prepare
Registering precompiled user dll's ...
Registered in 0.005268 seconds.
Begin MonoManager ReloadAssembly
Native extension for WindowsStandalone target not found
Refreshing native plugins compatible for Editor in 1.10 ms, found 3 plugins.
Preloading 0 native plugins for Editor in 0.00 ms.
Invoked RoslynAnalysisRunner static constructor.
RoslynAnalysisRunner will not be running.
RoslynAnalysisRunner has terminated.
Mono: successfully reloaded assembly
- Completed reload, in  1.062 seconds
Platform modules already initialized, skipping
Switching build target platform(5) subTarget(0) extendedPlatform(0) -> platform(9) subTarget(16777218) extendedPlatform(0)
Refreshing native plugins compatible for Editor in 1.28 ms, found 3 plugins.
Preloading 0 native plugins for Editor in 0.00 ms.
Unloading 1820 Unused Serialized files (Serialized files now loaded: 0)
System memory in use before: 202.9 MB.
System memory in use after: 203.0 MB.

Unloading 24 unused Assets to reduce memory usage. Loaded Objects now: 2433.
Total: 2.289300 ms (FindLiveObjects: 0.224000 ms CreateObjectMapping: 0.074900 ms MarkObjects: 1.941700 ms  DeleteObjects: 0.047100 ms)

AssetImportParameters requested are different than current active one (requested -> active):
  custom:graphics/normal-map-encoding: 01000000000000000000000000000000 -> 02000000000000000000000000000000
========================================================================
Received Import Request.
  Time since last request: 3355.802129 seconds.
  path: Assets/00_Art/UI_By_Jameela/F1_UI/Battle_pass/battlepas_dialogue_box/coins.png
  artifactKey: Guid(6390e5ae514ced34fadff39863cad92e) Importer(815301076,1909f56bfc062723c751e8b465ee728b)
Start importing Assets/00_Art/UI_By_Jameela/F1_UI/Battle_pass/battlepas_dialogue_box/coins.png using Guid(6390e5ae514ced34fadff39863cad92e) Importer(815301076,1909f56bfc062723c751e8b465ee728b)  -> (artifact id: '0355d218e3abf4ed8333099553a9ee54') in 0.162725 seconds
  Import took 0.167785 seconds .

========================================================================
Received Import Request.
  Time since last request: 198.617187 seconds.
  path: Assets/00_Art/UI_By_Jameela/F1_UI/Battle_pass/Coins_battlepass.png
  artifactKey: Guid(17dc10bb9af756846a9b6eaff92530e6) Importer(815301076,1909f56bfc062723c751e8b465ee728b)
Start importing Assets/00_Art/UI_By_Jameela/F1_UI/Battle_pass/Coins_battlepass.png using Guid(17dc10bb9af756846a9b6eaff92530e6) Importer(815301076,1909f56bfc062723c751e8b465ee728b)  -> (artifact id: '8b6cddc76f4a48d469e153659cb720a0') in 0.032677 seconds
  Import took 0.037001 seconds .

========================================================================
Received Import Request.
  Time since last request: 4.903656 seconds.
  path: Assets/00_Art/UI_By_Jameela/F1_UI/Battle_pass/collected_checkmark.png
  artifactKey: Guid(f4a5964673abe354bba0cf75a3d85e81) Importer(815301076,1909f56bfc062723c751e8b465ee728b)
Start importing Assets/00_Art/UI_By_Jameela/F1_UI/Battle_pass/collected_checkmark.png using Guid(f4a5964673abe354bba0cf75a3d85e81) Importer(815301076,1909f56bfc062723c751e8b465ee728b)  -> (artifact id: '05bb2d816a447f10bf0ff1598c85e960') in 0.019402 seconds
  Import took 0.024008 seconds .

========================================================================
Received Import Request.
  Time since last request: 0.007338 seconds.
  path: Assets/00_Art/UI_By_Jameela/F1_UI/Battle_pass/collected_checkmark.png
  artifactKey: Guid(f4a5964673abe354bba0cf75a3d85e81) Importer(815301076,1909f56bfc062723c751e8b465ee728b)
Start importing Assets/00_Art/UI_By_Jameela/F1_UI/Battle_pass/collected_checkmark.png using Guid(f4a5964673abe354bba0cf75a3d85e81) Importer(815301076,1909f56bfc062723c751e8b465ee728b)  -> (artifact id: '05bb2d816a447f10bf0ff1598c85e960') in 0.017279 seconds
  Import took 0.021478 seconds .

========================================================================
Received Import Request.
  Time since last request: 3.032237 seconds.
  path: Assets/00_Art/UI_By_Jameela/F1_UI/Battle_pass/gems_battlepas.png
  artifactKey: Guid(da5fb27a7e4b4ce4db849ea1defee989) Importer(815301076,1909f56bfc062723c751e8b465ee728b)
Start importing Assets/00_Art/UI_By_Jameela/F1_UI/Battle_pass/gems_battlepas.png using Guid(da5fb27a7e4b4ce4db849ea1defee989) Importer(815301076,1909f56bfc062723c751e8b465ee728b)  -> (artifact id: '859777bfc8bb722323ea7b40595f32eb') in 0.038052 seconds
  Import took 0.054638 seconds .

========================================================================
Received Import Request.
  Time since last request: 0.378781 seconds.
  path: Assets/00_Art/UI_By_Jameela/F1_UI/Battle_pass/Gold_chest.png
  artifactKey: Guid(0ec4b57eaf784704281019b440bce1c1) Importer(815301076,1909f56bfc062723c751e8b465ee728b)
Start importing Assets/00_Art/UI_By_Jameela/F1_UI/Battle_pass/Gold_chest.png using Guid(0ec4b57eaf784704281019b440bce1c1) Importer(815301076,1909f56bfc062723c751e8b465ee728b)  -> (artifact id: '45889cb26b1aa4030ccb9de044ed640b') in 0.023200 seconds
  Import took 0.027793 seconds .

========================================================================
Received Import Request.
  Time since last request: 0.004315 seconds.
  path: Assets/00_Art/UI_By_Jameela/F1_UI/Battle_pass/Gold_chest.png
  artifactKey: Guid(0ec4b57eaf784704281019b440bce1c1) Importer(815301076,1909f56bfc062723c751e8b465ee728b)
Start importing Assets/00_Art/UI_By_Jameela/F1_UI/Battle_pass/Gold_chest.png using Guid(0ec4b57eaf784704281019b440bce1c1) Importer(815301076,1909f56bfc062723c751e8b465ee728b)  -> (artifact id: '45889cb26b1aa4030ccb9de044ed640b') in 0.024789 seconds
  Import took 0.030662 seconds .

========================================================================
Received Import Request.
  Time since last request: 1734.923788 seconds.
  path: Assets/00_Art/UI_By_Jameela/F1_UI/Battle_pass/cores/Unlock_cards_screen
  artifactKey: Guid(65bb8f3c50f4bd04797c7e083d209b14) Importer(815301076,1909f56bfc062723c751e8b465ee728b)
Start importing Assets/00_Art/UI_By_Jameela/F1_UI/Battle_pass/cores/Unlock_cards_screen using Guid(65bb8f3c50f4bd04797c7e083d209b14) Importer(815301076,1909f56bfc062723c751e8b465ee728b)  -> (artifact id: '4eead0cb556bf13a420cc1c0d650d4b9') in 0.010008 seconds
  Import took 0.015866 seconds .

========================================================================
Received Import Request.
  Time since last request: 1.589616 seconds.
  path: Assets/00_Art/UI_By_Jameela/F1_UI/Battle_pass/cores/Unlock_cards_screen/Glowrays.png
  artifactKey: Guid(fca438f5283803f4fa2212ac80c0c16f) Importer(815301076,1909f56bfc062723c751e8b465ee728b)
Start importing Assets/00_Art/UI_By_Jameela/F1_UI/Battle_pass/cores/Unlock_cards_screen/Glowrays.png using Guid(fca438f5283803f4fa2212ac80c0c16f) Importer(815301076,1909f56bfc062723c751e8b465ee728b)  -> (artifact id: '0446f2f5431691dcab71eb7d43774aa4') in 0.052538 seconds
  Import took 0.056617 seconds .

========================================================================
Received Import Request.
  Time since last request: 3.108396 seconds.
  path: Assets/00_Art/UI_By_Jameela/F1_UI/Battle_pass/cores/Unlock_cards_screen/open_chest.png
  artifactKey: Guid(74e7a35c31aeac64db082e7b1b5d5da3) Importer(815301076,1909f56bfc062723c751e8b465ee728b)
Start importing Assets/00_Art/UI_By_Jameela/F1_UI/Battle_pass/cores/Unlock_cards_screen/open_chest.png using Guid(74e7a35c31aeac64db082e7b1b5d5da3) Importer(815301076,1909f56bfc062723c751e8b465ee728b)  -> (artifact id: 'bc4b004d9d9bc9036500fa13a69ebf5f') in 0.021051 seconds
  Import took 0.025188 seconds .

========================================================================
Received Import Request.
  Time since last request: 0.000479 seconds.
  path: Assets/00_Art/UI_By_Jameela/F1_UI/Battle_pass/cores/Unlock_cards_screen/open_chest.png
  artifactKey: Guid(74e7a35c31aeac64db082e7b1b5d5da3) Importer(815301076,1909f56bfc062723c751e8b465ee728b)
Start importing Assets/00_Art/UI_By_Jameela/F1_UI/Battle_pass/cores/Unlock_cards_screen/open_chest.png using Guid(74e7a35c31aeac64db082e7b1b5d5da3) Importer(815301076,1909f56bfc062723c751e8b465ee728b)  -> (artifact id: 'bc4b004d9d9bc9036500fa13a69ebf5f') in 0.023501 seconds
  Import took 0.027588 seconds .

========================================================================
Received Import Request.
  Time since last request: 20.067894 seconds.
  path: Assets/00_Art/UI_By_Jameela/F1_UI/Battle_pass/cores/Unlock_cards_screen/open_chest.png
  artifactKey: Guid(74e7a35c31aeac64db082e7b1b5d5da3) Importer(815301076,1909f56bfc062723c751e8b465ee728b)
Start importing Assets/00_Art/UI_By_Jameela/F1_UI/Battle_pass/cores/Unlock_cards_screen/open_chest.png using Guid(74e7a35c31aeac64db082e7b1b5d5da3) Importer(815301076,1909f56bfc062723c751e8b465ee728b)  -> (artifact id: '7c684e96cd3eef45109c1f1fccce6bd9') in 0.021935 seconds
  Import took 0.026250 seconds .

========================================================================
Received Import Request.
  Time since last request: 102.277983 seconds.
  path: Assets/00_Art/UI_By_Jameela/F1_UI/Battle_pass/cores/Unlock_cards_screen/Glowrays.png
  artifactKey: Guid(fca438f5283803f4fa2212ac80c0c16f) Importer(815301076,1909f56bfc062723c751e8b465ee728b)
Start importing Assets/00_Art/UI_By_Jameela/F1_UI/Battle_pass/cores/Unlock_cards_screen/Glowrays.png using Guid(fca438f5283803f4fa2212ac80c0c16f) Importer(815301076,1909f56bfc062723c751e8b465ee728b)  -> (artifact id: 'a965933d5f3883259e574da24375b205') in 0.042134 seconds
  Import took 0.046926 seconds .

========================================================================
Received Import Request.
  Time since last request: 2.105816 seconds.
  path: Assets/00_Art/UI_By_Jameela/F1_UI/Battle_pass/cores/Unlock_cards_screen/unlock_card_bg.png
  artifactKey: Guid(e7f537dec9ee671428a70ae13115052b) Importer(815301076,1909f56bfc062723c751e8b465ee728b)
Start importing Assets/00_Art/UI_By_Jameela/F1_UI/Battle_pass/cores/Unlock_cards_screen/unlock_card_bg.png using Guid(e7f537dec9ee671428a70ae13115052b) Importer(815301076,1909f56bfc062723c751e8b465ee728b)  -> (artifact id: '0eaa1ef731a1c2e2cd5a27dc5eeeae10') in 0.060853 seconds
  Import took 0.064993 seconds .

========================================================================
Received Import Request.
  Time since last request: 0.747991 seconds.
  path: Assets/00_Art/UI_By_Jameela/F1_UI/Battle_pass/cores/Unlock_cards_screen/unlock_card_mockup.png
  artifactKey: Guid(d6f3a7e4ff207e843aa7f968e689b30e) Importer(815301076,1909f56bfc062723c751e8b465ee728b)
Start importing Assets/00_Art/UI_By_Jameela/F1_UI/Battle_pass/cores/Unlock_cards_screen/unlock_card_mockup.png using Guid(d6f3a7e4ff207e843aa7f968e689b30e) Importer(815301076,1909f56bfc062723c751e8b465ee728b)  -> (artifact id: '492d44efb0e920b10b6bbb93859044fd') in 0.062871 seconds
  Import took 0.081809 seconds .

========================================================================
Received Prepare
Registering precompiled user dll's ...
Registered in 0.005056 seconds.
Begin MonoManager ReloadAssembly
Native extension for WindowsStandalone target not found
Refreshing native plugins compatible for Editor in 1.15 ms, found 3 plugins.
Preloading 0 native plugins for Editor in 0.00 ms.
Invoked RoslynAnalysisRunner static constructor.
RoslynAnalysisRunner will not be running.
RoslynAnalysisRunner has terminated.
Mono: successfully reloaded assembly
- Completed reload, in  1.376 seconds
Platform modules already initialized, skipping
Switching build target platform(5) subTarget(0) extendedPlatform(0) -> platform(9) subTarget(16777218) extendedPlatform(0)
Refreshing native plugins compatible for Editor in 1.10 ms, found 3 plugins.
Preloading 0 native plugins for Editor in 0.00 ms.
Unloading 1821 Unused Serialized files (Serialized files now loaded: 0)
System memory in use before: 216.9 MB.
System memory in use after: 217.0 MB.

Unloading 24 unused Assets to reduce memory usage. Loaded Objects now: 2458.
Total: 2.760500 ms (FindLiveObjects: 0.459400 ms CreateObjectMapping: 0.158200 ms MarkObjects: 2.114400 ms  DeleteObjects: 0.023200 ms)

AssetImportParameters requested are different than current active one (requested -> active):
  custom:graphics/normal-map-encoding: 01000000000000000000000000000000 -> 02000000000000000000000000000000
========================================================================
Received Prepare
Registering precompiled user dll's ...
Registered in 0.005365 seconds.
Begin MonoManager ReloadAssembly
Native extension for WindowsStandalone target not found
Refreshing native plugins compatible for Editor in 2.13 ms, found 3 plugins.
Preloading 0 native plugins for Editor in 0.00 ms.
Invoked RoslynAnalysisRunner static constructor.
RoslynAnalysisRunner will not be running.
RoslynAnalysisRunner has terminated.
Mono: successfully reloaded assembly
- Completed reload, in  1.080 seconds
Platform modules already initialized, skipping
Switching build target platform(5) subTarget(0) extendedPlatform(0) -> platform(9) subTarget(16777218) extendedPlatform(0)
Refreshing native plugins compatible for Editor in 1.16 ms, found 3 plugins.
Preloading 0 native plugins for Editor in 0.00 ms.
Unloading 1821 Unused Serialized files (Serialized files now loaded: 0)
System memory in use before: 216.9 MB.
System memory in use after: 217.0 MB.

Unloading 24 unused Assets to reduce memory usage. Loaded Objects now: 2461.
Total: 2.700400 ms (FindLiveObjects: 0.255200 ms CreateObjectMapping: 0.078300 ms MarkObjects: 2.340300 ms  DeleteObjects: 0.024800 ms)

AssetImportParameters requested are different than current active one (requested -> active):
  custom:graphics/normal-map-encoding: 01000000000000000000000000000000 -> 02000000000000000000000000000000
========================================================================
Received Import Request.
  Time since last request: 3506.882488 seconds.
  path: Assets/Resources/BaseCorePrefab.prefab
  artifactKey: Guid(2d9719e5da3cb72489d367ae5ee50fcf) Importer(815301076,1909f56bfc062723c751e8b465ee728b)
Start importing Assets/Resources/BaseCorePrefab.prefab using Guid(2d9719e5da3cb72489d367ae5ee50fcf) Importer(815301076,1909f56bfc062723c751e8b465ee728b)  -> (artifact id: 'e020256d008d95a53944444abb2f5b35') in 0.062463 seconds
  Import took 0.067147 seconds .

========================================================================
Received Prepare
Registering precompiled user dll's ...
Registered in 0.005005 seconds.
Begin MonoManager ReloadAssembly
Native extension for WindowsStandalone target not found
Refreshing native plugins compatible for Editor in 2.40 ms, found 3 plugins.
Preloading 0 native plugins for Editor in 0.00 ms.
Invoked RoslynAnalysisRunner static constructor.
RoslynAnalysisRunner will not be running.
RoslynAnalysisRunner has terminated.
Mono: successfully reloaded assembly
- Completed reload, in  1.126 seconds
Platform modules already initialized, skipping
Switching build target platform(5) subTarget(0) extendedPlatform(0) -> platform(9) subTarget(16777218) extendedPlatform(0)
Refreshing native plugins compatible for Editor in 1.06 ms, found 3 plugins.
Preloading 0 native plugins for Editor in 0.00 ms.
Unloading 1821 Unused Serialized files (Serialized files now loaded: 0)
System memory in use before: 216.9 MB.
System memory in use after: 217.0 MB.

Unloading 24 unused Assets to reduce memory usage. Loaded Objects now: 2464.
Total: 2.318400 ms (FindLiveObjects: 0.234100 ms CreateObjectMapping: 0.081200 ms MarkObjects: 1.976400 ms  DeleteObjects: 0.025400 ms)

AssetImportParameters requested are different than current active one (requested -> active):
  custom:graphics/normal-map-encoding: 01000000000000000000000000000000 -> 02000000000000000000000000000000
AssetImportWorkerClient::OnTransportError - code=2 error=End of file
